Build started 3/16/2012 3:25:11 PM.
     1>Project "C:\Users\Public\School_Stuff\Semester_5\Game Programming\Ass2\ass2\ass2\ass2.vcxproj" on node 2 (build target(s)).
     1>InitializeBuildStatus:
         Creating "Debug\ass2.unsuccessfulbuild" because "AlwaysCreate" was specified.
       ClCompile:
         c:\Program Files\Microsoft Visual Studio 10.0\VC\bin\CL.exe /c /ZI /nologo /W3 /WX- /Od /Oy- /D WIN32 /D _DEBUG /D _WINDOWS /D _UNICODE /D UNICODE /Gm /EHsc /RTC1 /MDd /GS /fp:precise /Zc:wchar_t /Zc:forScope /Fo"Debug\\" /Fd"Debug\vc100.pdb" /Gd /TP /analyze- /errorReport:prompt ass2.cpp
         ass2.cpp
       ResourceCompile:
         All outputs are up-to-date.
       ManifestResourceCompile:
         All outputs are up-to-date.
       Link:
         c:\Program Files\Microsoft Visual Studio 10.0\VC\bin\link.exe /ERRORREPORT:PROMPT /OUT:"C:\Users\Public\School_Stuff\Semester_5\Game Programming\Ass2\ass2\Debug\ass2.exe" /INCREMENTAL /NOLOGO d3d9.lib d3dx10d.lib d3dx9d.lib dxerr.lib dxguid.lib winmm.lib comctl32.lib kernel32.lib user32.lib gdi32.lib winspool.lib comdlg32.lib advapi32.lib shell32.lib ole32.lib oleaut32.lib uuid.lib odbc32.lib odbccp32.lib /MANIFEST /ManifestFile:"Debug\ass2.exe.intermediate.manifest" /MANIFESTUAC:"level='asInvoker' uiAccess='false'" /DEBUG /PDB:"C:\Users\Public\School_Stuff\Semester_5\Game Programming\Ass2\ass2\Debug\ass2.pdb" /SUBSYSTEM:WINDOWS /TLBID:1 /DYNAMICBASE /NXCOMPAT /IMPLIB:"C:\Users\Public\School_Stuff\Semester_5\Game Programming\Ass2\ass2\Debug\ass2.lib" /MACHINE:X86 Debug\menu.res
         Debug\ass2.exe.embed.manifest.res
         Debug\ass2.obj
         Debug\Configuration.obj
       Manifest:
         C:\Program Files\Microsoft SDKs\Windows\v7.0A\bin\mt.exe /nologo /verbose /out:"Debug\ass2.exe.embed.manifest" /manifest Debug\ass2.exe.intermediate.manifest
         All outputs are up-to-date.
       LinkEmbedManifest:
         All outputs are up-to-date.
         ass2.vcxproj -> C:\Users\Public\School_Stuff\Semester_5\Game Programming\Ass2\ass2\Debug\ass2.exe
       FinalizeBuildStatus:
         Deleting file "Debug\ass2.unsuccessfulbuild".
         Touching "Debug\ass2.lastbuildstate".
     1>Done Building Project "C:\Users\Public\School_Stuff\Semester_5\Game Programming\Ass2\ass2\ass2\ass2.vcxproj" (build target(s)).

Build succeeded.

Time Elapsed 00:00:01.95
