Reading file ass2r.pls ....Please wait

Printing input buffer parameters:

The capacity of the buffer is:  577
The current size of the buffer is:  576

Printing input buffer contents:

!< This program calculates the sum of 32767 even numbers.
!< The program is "lexically" and "syntactically" correct
!< and should not produce any error
PLATYPUS {
 
 a=+0.0;
 
 sum008 = 7.87050 ;
 INPUT(a,sum008); 
 USING(i = 0,i < 32767 .OR. i == 077777,i = i + 02 )REPEAT{
   a=
   a*i/0.5
   ;
   sum008 = sum008 + a - 1 ;
 };
 IF(text# == "")THEN
   text# = "prog" << "ram";
 ELSE {
   text# = text# << "ram";
 };
 OUTPUT("\* This is a platypus -:)-<-<-- \*");
 OUTPUT(text#);
 
 IF(text# == "program".OR.sum008!=8..AND.i>012)THEN
  OUTPUT(sum008);
  OUTPUT();
 ELSE{};
}


Parsing the source file...

PLATY: Primary arithmetic expression parsed
PLATY: Unary arithmetic expression parsed
PLATY: Arithmetic expression parsed
PLATY: Assignment expression (arithmetic) parsed
PLATY: Assignment statement parsed
PLATY: Primary arithmetic expression parsed
PLATY: Arithmetic expression parsed
PLATY: Assignment expression (arithmetic) parsed
PLATY: Assignment statement parsed
PLATY: Variable list parsed
PLATY: INPUT statement parsed
PLATY: Primary arithmetic expression parsed
PLATY: Arithmetic expression parsed
PLATY: Assignment expression (arithmetic) parsed
PLATY: Primary a_relational expression parsed
PLATY: Primary a_relational expression parsed
PLATY: Relational expression parsed
PLATY: Primary a_relational expression parsed
PLATY: Primary a_relational expression parsed
PLATY: Relational expression parsed
PLATY: Logical OR expression parsed
PLATY: Conditional expression parsed
PLATY: Primary arithmetic expression parsed
PLATY: Primary arithmetic expression parsed
PLATY: Additive arithmetic expression parsed
PLATY: Arithmetic expression parsed
PLATY: Assignment expression (arithmetic) parsed
PLATY: Primary arithmetic expression parsed
PLATY: Primary arithmetic expression parsed
PLATY: Primary arithmetic expression parsed
PLATY: Multiplicative arithmetic expression parsed
PLATY: Multiplicative arithmetic expression parsed
PLATY: Arithmetic expression parsed
PLATY: Assignment expression (arithmetic) parsed
PLATY: Assignment statement parsed
PLATY: Primary arithmetic expression parsed
PLATY: Primary arithmetic expression parsed
PLATY: Primary arithmetic expression parsed
PLATY: Additive arithmetic expression parsed
PLATY: Additive arithmetic expression parsed
PLATY: Arithmetic expression parsed
PLATY: Assignment expression (arithmetic) parsed
PLATY: Assignment statement parsed
PLATY: USING statement parsed
PLATY: Primary string expression parsed
PLATY: Primary s_relational expression parsed
PLATY: Primary string expression parsed
PLATY: Primary s_relational expression parsed
PLATY: Relational expression parsed
PLATY: Conditional expression parsed
PLATY: Primary string expression parsed
PLATY: Primary string expression parsed
PLATY: String expression parsed
PLATY: Assignment expression (string) parsed
PLATY: Assignment statement parsed
PLATY: Primary string expression parsed
PLATY: Primary string expression parsed
PLATY: String expression parsed
PLATY: Assignment expression (string) parsed
PLATY: Assignment statement parsed
PLATY: IF statement parsed
PLATY: Output list (string literal) parsed
PLATY: OUTPUT statement parsed
PLATY: Variable list parsed
PLATY: OUTPUT statement parsed
PLATY: Primary string expression parsed
PLATY: Primary s_relational expression parsed
PLATY: Primary string expression parsed
PLATY: Primary s_relational expression parsed
PLATY: Relational expression parsed
PLATY: Primary a_relational expression parsed
PLATY: Primary a_relational expression parsed
PLATY: Relational expression parsed
PLATY: Primary a_relational expression parsed
PLATY: Primary a_relational expression parsed
PLATY: Relational expression parsed
PLATY: Logical AND expression parsed
PLATY: Logical OR expression parsed
PLATY: Conditional expression parsed
PLATY: Variable list parsed
PLATY: OUTPUT statement parsed
PLATY: Output list (empty) parsed
PLATY: OUTPUT statement parsed
PLATY: Opt_statements parsed
PLATY: IF statement parsed
PLATY: Program parsed
PLATY: Source file parsed

Collecting garbage...
