Build started 4/13/2012 4:36:49 PM.
     1>Project "C:\Users\Public\School_Stuff\Semester_5\Game Programming\Ass3\ass3.vcxproj" on node 2 (build target(s)).
     1>InitializeBuildStatus:
         Creating "Debug\ass3.unsuccessfulbuild" because "AlwaysCreate" was specified.
       ClCompile:
         c:\Program Files\Microsoft Visual Studio 10.0\VC\bin\CL.exe /c /ZI /nologo /W3 /WX- /Od /Oy- /D WIN32 /D _DEBUG /D _WINDOWS /D _UNICODE /D UNICODE /Gm /EHsc /RTC1 /MDd /GS /fp:precise /Zc:wchar_t /Zc:forScope /Fo"Debug\\" /Fd"Debug\vc100.pdb" /Gd /TP /analyze- /errorReport:prompt ass3.cpp
         ass3.cpp
       ManifestResourceCompile:
         All outputs are up-to-date.
       Link:
         c:\Program Files\Microsoft Visual Studio 10.0\VC\bin\link.exe /ERRORREPORT:PROMPT /OUT:"C:\Users\Public\School_Stuff\Semester_5\Game Programming\Ass3\Debug\ass3.exe" /INCREMENTAL /NOLOGO kernel32.lib user32.lib gdi32.lib winspool.lib comdlg32.lib advapi32.lib shell32.lib ole32.lib oleaut32.lib uuid.lib odbc32.lib odbccp32.lib /MANIFEST /ManifestFile:"Debug\ass3.exe.intermediate.manifest" /MANIFESTUAC:"level='asInvoker' uiAccess='false'" /DEBUG /PDB:"C:\Users\Public\School_Stuff\Semester_5\Game Programming\Ass3\Debug\ass3.pdb" /SUBSYSTEM:WINDOWS /TLBID:1 /DYNAMICBASE /NXCOMPAT /IMPLIB:"C:\Users\Public\School_Stuff\Semester_5\Game Programming\Ass3\Debug\ass3.lib" /MACHINE:X86 Debug\ass3.exe.embed.manifest.res
         Debug\ass3.obj
       Manifest:
         C:\Program Files\Microsoft SDKs\Windows\v7.0A\bin\mt.exe /nologo /verbose /out:"Debug\ass3.exe.embed.manifest" /manifest Debug\ass3.exe.intermediate.manifest
         All outputs are up-to-date.
       LinkEmbedManifest:
         All outputs are up-to-date.
         ass3.vcxproj -> C:\Users\Public\School_Stuff\Semester_5\Game Programming\Ass3\Debug\ass3.exe
       FinalizeBuildStatus:
         Deleting file "Debug\ass3.unsuccessfulbuild".
         Touching "Debug\ass3.lastbuildstate".
     1>Done Building Project "C:\Users\Public\School_Stuff\Semester_5\Game Programming\Ass3\ass3.vcxproj" (build target(s)).

Build succeeded.

Time Elapsed 00:00:03.44
