C:\USERS\PUBLIC\SCHOOL_STUFF\SEMESTER_5\GAME PROGRAMMING\MOUSE\MOUSE\DEBUG\MOUSE.EXE
C:\USERS\PUBLIC\SCHOOL_STUFF\SEMESTER_5\GAME PROGRAMMING\MOUSE\MOUSE\DEBUG\MOUSE.ILK
C:\USERS\PUBLIC\SCHOOL_STUFF\SEMESTER_5\GAME PROGRAMMING\MOUSE\MOUSE\DEBUG\MOUSE.PDB
C:\Users\Public\School_Stuff\Semester_5\Game Programming\Mouse\Mouse\Mouse\Debug\cl.command.1.tlog
C:\Users\Public\School_Stuff\Semester_5\Game Programming\Mouse\Mouse\Mouse\Debug\CL.read.1.tlog
C:\Users\Public\School_Stuff\Semester_5\Game Programming\Mouse\Mouse\Mouse\Debug\CL.write.1.tlog
C:\Users\Public\School_Stuff\Semester_5\Game Programming\Mouse\Mouse\Mouse\Debug\link.3060.read.1.tlog
C:\Users\Public\School_Stuff\Semester_5\Game Programming\Mouse\Mouse\Mouse\Debug\link.3060.write.1.tlog
C:\Users\Public\School_Stuff\Semester_5\Game Programming\Mouse\Mouse\Mouse\Debug\link.3060-cvtres.read.1.tlog
C:\Users\Public\School_Stuff\Semester_5\Game Programming\Mouse\Mouse\Mouse\Debug\link.3060-cvtres.write.1.tlog
C:\Users\Public\School_Stuff\Semester_5\Game Programming\Mouse\Mouse\Mouse\Debug\link.3064.read.1.tlog
C:\Users\Public\School_Stuff\Semester_5\Game Programming\Mouse\Mouse\Mouse\Debug\link.3064.write.1.tlog
C:\Users\Public\School_Stuff\Semester_5\Game Programming\Mouse\Mouse\Mouse\Debug\link.3064-cvtres.read.1.tlog
C:\Users\Public\School_Stuff\Semester_5\Game Programming\Mouse\Mouse\Mouse\Debug\link.3064-cvtres.write.1.tlog
C:\Users\Public\School_Stuff\Semester_5\Game Programming\Mouse\Mouse\Mouse\Debug\link.5236.read.1.tlog
C:\Users\Public\School_Stuff\Semester_5\Game Programming\Mouse\Mouse\Mouse\Debug\link.5236.write.1.tlog
C:\Users\Public\School_Stuff\Semester_5\Game Programming\Mouse\Mouse\Mouse\Debug\link.5236-cvtres.read.1.tlog
C:\Users\Public\School_Stuff\Semester_5\Game Programming\Mouse\Mouse\Mouse\Debug\link.5236-cvtres.write.1.tlog
C:\Users\Public\School_Stuff\Semester_5\Game Programming\Mouse\Mouse\Mouse\Debug\link.command.1.tlog
C:\Users\Public\School_Stuff\Semester_5\Game Programming\Mouse\Mouse\Mouse\Debug\link.read.1.tlog
C:\Users\Public\School_Stuff\Semester_5\Game Programming\Mouse\Mouse\Mouse\Debug\link.write.1.tlog
C:\Users\Public\School_Stuff\Semester_5\Game Programming\Mouse\Mouse\Mouse\Debug\link-cvtres.read.1.tlog
C:\Users\Public\School_Stuff\Semester_5\Game Programming\Mouse\Mouse\Mouse\Debug\link-cvtres.write.1.tlog
C:\USERS\PUBLIC\SCHOOL_STUFF\SEMESTER_5\GAME PROGRAMMING\MOUSE\MOUSE\MOUSE\DEBUG\MOUSE.EXE.EMBED.MANIFEST
C:\USERS\PUBLIC\SCHOOL_STUFF\SEMESTER_5\GAME PROGRAMMING\MOUSE\MOUSE\MOUSE\DEBUG\MOUSE.EXE.EMBED.MANIFEST.RES
C:\USERS\PUBLIC\SCHOOL_STUFF\SEMESTER_5\GAME PROGRAMMING\MOUSE\MOUSE\MOUSE\DEBUG\MOUSE.EXE.INTERMEDIATE.MANIFEST
C:\Users\Public\School_Stuff\Semester_5\Game Programming\Mouse\Mouse\Mouse\Debug\Mouse_manifest.rc
C:\USERS\PUBLIC\SCHOOL_STUFF\SEMESTER_5\GAME PROGRAMMING\MOUSE\MOUSE\MOUSE\DEBUG\MOUSEDRAW.OBJ
C:\USERS\PUBLIC\SCHOOL_STUFF\SEMESTER_5\GAME PROGRAMMING\MOUSE\MOUSE\MOUSE\DEBUG\MOUSERECT.OBJ
C:\USERS\PUBLIC\SCHOOL_STUFF\SEMESTER_5\GAME PROGRAMMING\MOUSE\MOUSE\MOUSE\DEBUG\MOUSERECTARRAY.OBJ
C:\Users\Public\School_Stuff\Semester_5\Game Programming\Mouse\Mouse\Mouse\Debug\mt.command.1.tlog
C:\Users\Public\School_Stuff\Semester_5\Game Programming\Mouse\Mouse\Mouse\Debug\mt.read.1.tlog
C:\Users\Public\School_Stuff\Semester_5\Game Programming\Mouse\Mouse\Mouse\Debug\mt.write.1.tlog
C:\Users\Public\School_Stuff\Semester_5\Game Programming\Mouse\Mouse\Mouse\Debug\rc.command.1.tlog
C:\Users\Public\School_Stuff\Semester_5\Game Programming\Mouse\Mouse\Mouse\Debug\rc.read.1.tlog
C:\Users\Public\School_Stuff\Semester_5\Game Programming\Mouse\Mouse\Mouse\Debug\rc.write.1.tlog
C:\Users\Public\School_Stuff\Semester_5\Game Programming\Mouse\Mouse\Mouse\Debug\vc100.idb
C:\USERS\PUBLIC\SCHOOL_STUFF\SEMESTER_5\GAME PROGRAMMING\MOUSE\MOUSE\MOUSE\DEBUG\VC100.PDB
