C:\USERS\PUBLIC\SCHOOL_STUFF\SEMESTER_5\GAME PROGRAMMING\ASS2\ASS2\ASS2\RELEASE\ASS2.EXE.INTERMEDIATE.MANIFEST
C:\USERS\PUBLIC\SCHOOL_STUFF\SEMESTER_5\GAME PROGRAMMING\ASS2\ASS2\ASS2\RELEASE\ASS2.OBJ
C:\Users\Public\School_Stuff\Semester_5\Game Programming\Ass2\ass2\ass2\Release\cl.command.1.tlog
C:\Users\Public\School_Stuff\Semester_5\Game Programming\Ass2\ass2\ass2\Release\CL.read.1.tlog
C:\Users\Public\School_Stuff\Semester_5\Game Programming\Ass2\ass2\ass2\Release\CL.write.1.tlog
C:\USERS\PUBLIC\SCHOOL_STUFF\SEMESTER_5\GAME PROGRAMMING\ASS2\ASS2\ASS2\RELEASE\CONFIGURATION.OBJ
C:\Users\Public\School_Stuff\Semester_5\Game Programming\Ass2\ass2\ass2\Release\link.command.1.tlog
C:\Users\Public\School_Stuff\Semester_5\Game Programming\Ass2\ass2\ass2\Release\link.read.1.tlog
C:\Users\Public\School_Stuff\Semester_5\Game Programming\Ass2\ass2\ass2\Release\link.write.1.tlog
C:\Users\Public\School_Stuff\Semester_5\Game Programming\Ass2\ass2\ass2\Release\link-cvtres.read.1.tlog
C:\Users\Public\School_Stuff\Semester_5\Game Programming\Ass2\ass2\ass2\Release\link-cvtres.write.1.tlog
C:\USERS\PUBLIC\SCHOOL_STUFF\SEMESTER_5\GAME PROGRAMMING\ASS2\ASS2\ASS2\RELEASE\MENU.RES
C:\Users\Public\School_Stuff\Semester_5\Game Programming\Ass2\ass2\ass2\Release\mt.command.1.tlog
C:\Users\Public\School_Stuff\Semester_5\Game Programming\Ass2\ass2\ass2\Release\mt.read.1.tlog
C:\Users\Public\School_Stuff\Semester_5\Game Programming\Ass2\ass2\ass2\Release\mt.write.1.tlog
C:\Users\Public\School_Stuff\Semester_5\Game Programming\Ass2\ass2\ass2\Release\rc.command.1.tlog
C:\Users\Public\School_Stuff\Semester_5\Game Programming\Ass2\ass2\ass2\Release\rc.read.1.tlog
C:\Users\Public\School_Stuff\Semester_5\Game Programming\Ass2\ass2\ass2\Release\rc.write.1.tlog
C:\USERS\PUBLIC\SCHOOL_STUFF\SEMESTER_5\GAME PROGRAMMING\ASS2\ASS2\ASS2\RELEASE\VC100.PDB
C:\USERS\PUBLIC\SCHOOL_STUFF\SEMESTER_5\GAME PROGRAMMING\ASS2\ASS2\RELEASE\ASS2.EXE
C:\USERS\PUBLIC\SCHOOL_STUFF\SEMESTER_5\GAME PROGRAMMING\ASS2\ASS2\RELEASE\ASS2.PDB
