Build started 3/9/2012 3:47:03 PM.
     1>Project "C:\Users\Public\School_Stuff\Semester_5\Game Programming\Forest\Forest\Meshes_2010.vcxproj" on node 2 (build target(s)).
     1>InitializeBuildStatus:
         Creating "Release\Forest.unsuccessfulbuild" because "AlwaysCreate" was specified.
       ClCompile:
         c:\Program Files\Microsoft Visual Studio 10.0\VC\bin\CL.exe /c /I..\..\..\DXUT\Core /I..\..\..\DXUT\Optional /Zi /nologo /W4 /WX- /O2 /Oi /Oy- /GL /D WIN32 /D NDEBUG /D _WINDOWS /D _UNICODE /D UNICODE /Gm- /EHsc /MD /GS /Gy /arch:SSE2 /fp:fast /Zc:wchar_t /Zc:forScope /openmp- /Fo"Release\\" /Fd"Release\vc100.pdb" /Gd /TP /analyze- /errorReport:prompt Forest.cpp  
         Forest.cpp
     1>Forest.cpp(492): warning C4244: '=' : conversion from 'double' to 'float', possible loss of data
     1>Forest.cpp(498): warning C4244: '=' : conversion from 'double' to 'float', possible loss of data
       Link:
         c:\Program Files\Microsoft Visual Studio 10.0\VC\bin\link.exe /ERRORREPORT:PROMPT /OUT:"C:\Users\Public\School_Stuff\Semester_5\Game Programming\Forest\Forest\Release\Forest.exe" /INCREMENTAL:NO /NOLOGO d3d9.lib d3dx10.lib d3dx9.lib dxerr.lib dxguid.lib winmm.lib comctl32.lib kernel32.lib user32.lib gdi32.lib winspool.lib comdlg32.lib advapi32.lib shell32.lib ole32.lib oleaut32.lib uuid.lib odbc32.lib odbccp32.lib /MANIFEST /ManifestFile:"Release\Forest.exe.intermediate.manifest" /MANIFESTUAC:"level='asInvoker' uiAccess='false'" /DEBUG /PDB:"C:\Users\Public\School_Stuff\Semester_5\Game Programming\Forest\Forest\Release\Forest.pdb" /SUBSYSTEM:WINDOWS /LARGEADDRESSAWARE:NO /OPT:REF /OPT:ICF /LTCG /TLBID:1 /DYNAMICBASE /NXCOMPAT /IMPLIB:"C:\Users\Public\School_Stuff\Semester_5\Game Programming\Forest\Forest\Release\Forest.lib" /MACHINE:X86 Release\Forest.obj  
         Generating code
         Finished generating code
         Meshes_2010.vcxproj -> C:\Users\Public\School_Stuff\Semester_5\Game Programming\Forest\Forest\Release\Forest.exe
       Manifest:
         C:\Program Files\Microsoft SDKs\Windows\v7.0A\bin\mt.exe /nologo /verbose /outputresource:"C:\Users\Public\School_Stuff\Semester_5\Game Programming\Forest\Forest\Release\Forest.exe;#1" /manifest Release\Forest.exe.intermediate.manifest "c:\Program Files\Microsoft Visual Studio 10.0\VC\Include\Manifest\dpiaware.manifest"
       FinalizeBuildStatus:
         Deleting file "Release\Forest.unsuccessfulbuild".
         Touching "Release\Forest.lastbuildstate".
     1>Done Building Project "C:\Users\Public\School_Stuff\Semester_5\Game Programming\Forest\Forest\Meshes_2010.vcxproj" (build target(s)).

Build succeeded.

Time Elapsed 00:00:01.91
