Build started 8/6/2011 3:14:39 PM.
     1>Project "C:\Users\willy\Documents\School Stuff\Semester 4\Compilers\Assignment 4 - Parser\bonus3\vs_bonus\bonus3\bonus3\bonus3.vcxproj" on node 2 (build target(s)).
     1>InitializeBuildStatus:
         Creating "Debug\bonus3.unsuccessfulbuild" because "AlwaysCreate" was specified.
       ClCompile:
         c:\Program Files (x86)\Microsoft Visual Studio 10.0\VC\bin\CL.exe /c /ZI /nologo /W3 /WX- /Od /Oy- /D WIN32 /D _DEBUG /D _CONSOLE /D _UNICODE /D UNICODE /Gm /EHsc /RTC1 /MDd /GS /fp:precise /Zc:wchar_t /Zc:forScope /Fo"Debug\\" /Fd"Debug\vc100.pdb" /Gd /TC /analyze- /errorReport:prompt ..\..\..\parser.c ..\..\..\pinterpret.c ..\..\..\scanner.c ..\..\..\stable.c ..\..\..\stack.c
         stack.c
         stable.c
     1>c:\users\willy\documents\school stuff\semester 4\compilers\assignment 4 - parser\bonus3\stable.c(359): warning C4996: 'fopen': This function or variable may be unsafe. Consider using fopen_s instead. To disable deprecation, use _CRT_SECURE_NO_WARNINGS. See online help for details.
                 c:\program files (x86)\microsoft visual studio 10.0\vc\include\stdio.h(234) : see declaration of 'fopen'
         scanner.c
         pinterpret.c
     1>c:\users\willy\documents\school stuff\semester 4\compilers\assignment 4 - parser\bonus3\pinterpret.c(157): warning C4996: 'fopen': This function or variable may be unsafe. Consider using fopen_s instead. To disable deprecation, use _CRT_SECURE_NO_WARNINGS. See online help for details.
                 c:\program files (x86)\microsoft visual studio 10.0\vc\include\stdio.h(234) : see declaration of 'fopen'
     1>c:\users\willy\documents\school stuff\semester 4\compilers\assignment 4 - parser\bonus3\pinterpret.c(231): warning C4996: 'fopen': This function or variable may be unsafe. Consider using fopen_s instead. To disable deprecation, use _CRT_SECURE_NO_WARNINGS. See online help for details.
                 c:\program files (x86)\microsoft visual studio 10.0\vc\include\stdio.h(234) : see declaration of 'fopen'
         parser.c
         Generating Code...
       ManifestResourceCompile:
         All outputs are up-to-date.
       Link:
         c:\Program Files (x86)\Microsoft Visual Studio 10.0\VC\bin\link.exe /ERRORREPORT:PROMPT /OUT:"C:\Users\willy\Documents\School Stuff\Semester 4\Compilers\Assignment 4 - Parser\bonus3\vs_bonus\bonus3\Debug\bonus3.exe" /INCREMENTAL /NOLOGO kernel32.lib user32.lib gdi32.lib winspool.lib comdlg32.lib advapi32.lib shell32.lib ole32.lib oleaut32.lib uuid.lib odbc32.lib odbccp32.lib /MANIFEST /ManifestFile:"Debug\bonus3.exe.intermediate.manifest" /MANIFESTUAC:"level='asInvoker' uiAccess='false'" /DEBUG /PDB:"C:\Users\willy\Documents\School Stuff\Semester 4\Compilers\Assignment 4 - Parser\bonus3\vs_bonus\bonus3\Debug\bonus3.pdb" /SUBSYSTEM:CONSOLE /TLBID:1 /DYNAMICBASE /NXCOMPAT /IMPLIB:"C:\Users\willy\Documents\School Stuff\Semester 4\Compilers\Assignment 4 - Parser\bonus3\vs_bonus\bonus3\Debug\bonus3.lib" /MACHINE:X86 Debug\bonus3.exe.embed.manifest.res
         Debug\buffer.obj
         Debug\parser.obj
         Debug\pinterpret.obj
         Debug\scanner.obj
         Debug\stable.obj
         Debug\stack.obj
       Manifest:
         C:\Program Files (x86)\Microsoft SDKs\Windows\v7.0A\bin\mt.exe /nologo /verbose /out:"Debug\bonus3.exe.embed.manifest" /manifest Debug\bonus3.exe.intermediate.manifest
         All outputs are up-to-date.
       LinkEmbedManifest:
         All outputs are up-to-date.
         bonus3.vcxproj -> C:\Users\willy\Documents\School Stuff\Semester 4\Compilers\Assignment 4 - Parser\bonus3\vs_bonus\bonus3\Debug\bonus3.exe
       FinalizeBuildStatus:
         Deleting file "Debug\bonus3.unsuccessfulbuild".
         Touching "Debug\bonus3.lastbuildstate".
     1>Done Building Project "C:\Users\willy\Documents\School Stuff\Semester 4\Compilers\Assignment 4 - Parser\bonus3\vs_bonus\bonus3\bonus3\bonus3.vcxproj" (build target(s)).

Build succeeded.

Time Elapsed 00:00:01.87
