Build started 2/17/2012 2:27:40 PM.
     1>Project "C:\Users\Public\School_Stuff\Semester_5\Game Programming\Ass1\Ass1\Ass1\Ass1.vcxproj" on node 2 (build target(s)).
     1>InitializeBuildStatus:
         Creating "Debug\Ass1.unsuccessfulbuild" because "AlwaysCreate" was specified.
       ClCompile:
         c:\Program Files\Microsoft Visual Studio 10.0\VC\bin\CL.exe /c /ZI /nologo /W3 /WX- /Od /Oy- /D WIN32 /D _DEBUG /D _WINDOWS /D _UNICODE /D UNICODE /Gm /EHsc /RTC1 /MDd /GS /fp:precise /Zc:wchar_t /Zc:forScope /Fo"Debug\\" /Fd"Debug\vc100.pdb" /Gd /TP /analyze- /errorReport:prompt Ass1.cpp
         Ass1.cpp
       ResourceCompile:
         All outputs are up-to-date.
       ManifestResourceCompile:
         All outputs are up-to-date.
       Link:
         c:\Program Files\Microsoft Visual Studio 10.0\VC\bin\link.exe /ERRORREPORT:PROMPT /OUT:"C:\Users\Public\School_Stuff\Semester_5\Game Programming\Ass1\Ass1\Debug\Ass1.exe" /INCREMENTAL /NOLOGO kernel32.lib user32.lib gdi32.lib winspool.lib comdlg32.lib advapi32.lib shell32.lib ole32.lib oleaut32.lib uuid.lib odbc32.lib odbccp32.lib /MANIFEST /ManifestFile:"Debug\Ass1.exe.intermediate.manifest" /MANIFESTUAC:"level='asInvoker' uiAccess='false'" /DEBUG /PDB:"C:\Users\Public\School_Stuff\Semester_5\Game Programming\Ass1\Ass1\Debug\Ass1.pdb" /SUBSYSTEM:WINDOWS /TLBID:1 /DYNAMICBASE /NXCOMPAT /IMPLIB:"C:\Users\Public\School_Stuff\Semester_5\Game Programming\Ass1\Ass1\Debug\Ass1.lib" /MACHINE:X86 Debug\menu.res
         Debug\Ass1.exe.embed.manifest.res
         Debug\Ass1.obj
         Debug\CPoint.obj
         Debug\PointBuffer.obj
       Manifest:
         C:\Program Files\Microsoft SDKs\Windows\v7.0A\bin\mt.exe /nologo /verbose /out:"Debug\Ass1.exe.embed.manifest" /manifest Debug\Ass1.exe.intermediate.manifest
         All outputs are up-to-date.
       LinkEmbedManifest:
         All outputs are up-to-date.
         Ass1.vcxproj -> C:\Users\Public\School_Stuff\Semester_5\Game Programming\Ass1\Ass1\Debug\Ass1.exe
       FinalizeBuildStatus:
         Deleting file "Debug\Ass1.unsuccessfulbuild".
         Touching "Debug\Ass1.lastbuildstate".
     1>Done Building Project "C:\Users\Public\School_Stuff\Semester_5\Game Programming\Ass1\Ass1\Ass1\Ass1.vcxproj" (build target(s)).

Build succeeded.

Time Elapsed 00:00:01.56
